Flow report for riscv-CCMM
Sun Jul 09 09:47:52 2017
Quartus II 64-Bit Version 13.1.0 Build 162 10/23/2013 SJ Full Version


---------------------
; Table of Contents ;
---------------------
  1. Legal Notice
  2. Flow Summary
  3. Flow Settings
  4. Flow Non-Default Global Settings
  5. Flow Elapsed Time
  6. Flow OS Summary
  7. Flow Log
  8. Flow Messages
  9. Flow Suppressed Messages



----------------
; Legal Notice ;
----------------
Copyright (C) 1991-2013 Altera Corporation
Your use of Altera Corporation's design tools, logic functions 
and other software and tools, and its AMPP partner logic 
functions, and any output files from any of the foregoing 
(including device programming or simulation files), and any 
associated documentation or information are expressly subject 
to the terms and conditions of the Altera Program License 
Subscription Agreement, Altera MegaCore Function License 
Agreement, or other applicable license agreement, including, 
without limitation, that your use is for the sole purpose of 
programming logic devices manufactured by Altera and sold by 
Altera or its authorized distributors.  Please refer to the 
applicable agreement for further details.



+----------------------------------------------------------------------------------+
; Flow Summary                                                                     ;
+------------------------------------+---------------------------------------------+
; Flow Status                        ; Successful - Sun Jul 09 09:47:52 2017       ;
; Quartus II 64-Bit Version          ; 13.1.0 Build 162 10/23/2013 SJ Full Version ;
; Revision Name                      ; riscv-CCMM                                  ;
; Top-level Entity Name              ; riscv_top                                   ;
; Family                             ; Cyclone IV GX                               ;
; Device                             ; EP4CGX150DF31C7                             ;
; Timing Models                      ; Final                                       ;
; Total logic elements               ; 27,394 / 149,760 ( 18 % )                   ;
;     Total combinational functions  ; 17,801 / 149,760 ( 12 % )                   ;
;     Dedicated logic registers      ; 10,966 / 149,760 ( 7 % )                    ;
; Total registers                    ; 10966                                       ;
; Total pins                         ; 30 / 508 ( 6 % )                            ;
; Total virtual pins                 ; 0                                           ;
; Total memory bits                  ; 131,072 / 6,635,520 ( 2 % )                 ;
; Embedded Multiplier 9-bit elements ; 8 / 720 ( 1 % )                             ;
; Total GXB Receiver Channel PCS     ; 0 / 8 ( 0 % )                               ;
; Total GXB Receiver Channel PMA     ; 0 / 8 ( 0 % )                               ;
; Total GXB Transmitter Channel PCS  ; 0 / 8 ( 0 % )                               ;
; Total GXB Transmitter Channel PMA  ; 0 / 8 ( 0 % )                               ;
; Total PLLs                         ; 1 / 8 ( 13 % )                              ;
+------------------------------------+---------------------------------------------+


+-----------------------------------------+
; Flow Settings                           ;
+-------------------+---------------------+
; Option            ; Setting             ;
+-------------------+---------------------+
; Start date & time ; 07/09/2017 08:42:19 ;
; Main task         ; Compilation         ;
; Revision Name     ; riscv-CCMM          ;
+-------------------+---------------------+


+----------------------------------------------------------------------------------------------------------------------------+
; Flow Non-Default Global Settings                                                                                           ;
+-------------------------------------+---------------------------------------+---------------+-------------+----------------+
; Assignment Name                     ; Value                                 ; Default Value ; Entity Name ; Section Id     ;
+-------------------------------------+---------------------------------------+---------------+-------------+----------------+
; COMPILER_SIGNATURE_ID               ; 264390081404052.149960053908840       ; --            ; --          ; --             ;
; EDA_OUTPUT_DATA_FORMAT              ; Verilog Hdl                           ; --            ; --          ; eda_simulation ;
; EDA_SIMULATION_TOOL                 ; QuestaSim (Verilog)                   ; <None>        ; --          ; --             ;
; EDA_TIME_SCALE                      ; 1 ps                                  ; --            ; --          ; eda_simulation ;
; IP_TOOL_NAME                        ; RAM: 1-PORT                           ; --            ; --          ; --             ;
; IP_TOOL_NAME                        ; ROM: 1-PORT                           ; --            ; --          ; --             ;
; IP_TOOL_VERSION                     ; 13.1                                  ; --            ; --          ; --             ;
; IP_TOOL_VERSION                     ; 13.1                                  ; --            ; --          ; --             ;
; MAX_CORE_JUNCTION_TEMP              ; 85                                    ; --            ; --          ; --             ;
; MIN_CORE_JUNCTION_TEMP              ; 0                                     ; --            ; --          ; --             ;
; NOMINAL_CORE_SUPPLY_VOLTAGE         ; 1.2V                                  ; --            ; --          ; --             ;
; NUM_PARALLEL_PROCESSORS             ; All                                   ; --            ; --          ; --             ;
; PARTITION_COLOR                     ; 16764057                              ; --            ; riscv_top   ; Top            ;
; PARTITION_FITTER_PRESERVATION_LEVEL ; PLACEMENT_AND_ROUTING                 ; --            ; riscv_top   ; Top            ;
; PARTITION_NETLIST_TYPE              ; SOURCE                                ; --            ; riscv_top   ; Top            ;
; POWER_BOARD_THERMAL_MODEL           ; None (CONSERVATIVE)                   ; --            ; --          ; --             ;
; POWER_PRESET_COOLING_SOLUTION       ; 23 MM HEAT SINK WITH 200 LFPM AIRFLOW ; --            ; --          ; --             ;
; PROJECT_OUTPUT_DIRECTORY            ; output_files                          ; --            ; --          ; --             ;
; SMART_RECOMPILE                     ; On                                    ; Off           ; --          ; --             ;
; TOP_LEVEL_ENTITY                    ; riscv_top                             ; riscv-CCMM    ; --          ; --             ;
+-------------------------------------+---------------------------------------+---------------+-------------+----------------+


+-------------------------------------------------------------------------------------------------------------------------------+
; Flow Elapsed Time                                                                                                             ;
+---------------------------+--------------+-------------------------+---------------------+------------------------------------+
; Module Name               ; Elapsed Time ; Average Processors Used ; Peak Virtual Memory ; Total CPU Time (on all processors) ;
+---------------------------+--------------+-------------------------+---------------------+------------------------------------+
; Analysis & Synthesis      ; 00:07:06     ; 1.0                     ; 892 MB              ; 00:06:58                           ;
; Fitter                    ; 00:56:50     ; 3.8                     ; 1906 MB             ; 01:04:39                           ;
; Assembler                 ; 00:00:20     ; 1.0                     ; 648 MB              ; 00:00:10                           ;
; TimeQuest Timing Analyzer ; 00:00:26     ; 1.0                     ; 946 MB              ; 00:00:12                           ;
; EDA Netlist Writer        ; 00:00:38     ; 1.0                     ; 753 MB              ; 00:00:28                           ;
; Total                     ; 01:05:20     ; --                      ; --                  ; 01:12:27                           ;
+---------------------------+--------------+-------------------------+---------------------+------------------------------------+


+----------------------------------------------------------------------------------------+
; Flow OS Summary                                                                        ;
+---------------------------+------------------+-----------+------------+----------------+
; Module Name               ; Machine Hostname ; OS Name   ; OS Version ; Processor type ;
+---------------------------+------------------+-----------+------------+----------------+
; Analysis & Synthesis      ; Ary-PC           ; Windows 7 ; 6.2        ; x86_64         ;
; Fitter                    ; Ary-PC           ; Windows 7 ; 6.2        ; x86_64         ;
; Assembler                 ; Ary-PC           ; Windows 7 ; 6.2        ; x86_64         ;
; TimeQuest Timing Analyzer ; Ary-PC           ; Windows 7 ; 6.2        ; x86_64         ;
; EDA Netlist Writer        ; Ary-PC           ; Windows 7 ; 6.2        ; x86_64         ;
+---------------------------+------------------+-----------+------------+----------------+


------------
; Flow Log ;
------------
quartus_map --read_settings_files=on --write_settings_files=off riscv-CCMM -c riscv-CCMM
quartus_fit --read_settings_files=off --write_settings_files=off riscv-CCMM -c riscv-CCMM
quartus_asm --read_settings_files=off --write_settings_files=off riscv-CCMM -c riscv-CCMM
quartus_sta riscv-CCMM -c riscv-CCMM
quartus_eda --read_settings_files=off --write_settings_files=off riscv-CCMM -c riscv-CCMM



