Flow report for riscv
Thu Feb 09 18:02:20 2017
Quartus II 64-Bit Version 13.1.0 Build 162 10/23/2013 SJ Full Version


---------------------
; Table of Contents ;
---------------------
  1. Legal Notice
  2. Flow Summary
  3. Flow Settings
  4. Flow Non-Default Global Settings
  5. Flow Elapsed Time
  6. Flow OS Summary
  7. Flow Log
  8. Flow Messages
  9. Flow Suppressed Messages



----------------
; Legal Notice ;
----------------
Copyright (C) 1991-2013 Altera Corporation
Your use of Altera Corporation's design tools, logic functions 
and other software and tools, and its AMPP partner logic 
functions, and any output files from any of the foregoing 
(including device programming or simulation files), and any 
associated documentation or information are expressly subject 
to the terms and conditions of the Altera Program License 
Subscription Agreement, Altera MegaCore Function License 
Agreement, or other applicable license agreement, including, 
without limitation, that your use is for the sole purpose of 
programming logic devices manufactured by Altera and sold by 
Altera or its authorized distributors.  Please refer to the 
applicable agreement for further details.



+----------------------------------------------------------------------------------+
; Flow Summary                                                                     ;
+------------------------------------+---------------------------------------------+
; Flow Status                        ; Successful - Thu Feb 09 18:02:20 2017       ;
; Quartus II 64-Bit Version          ; 13.1.0 Build 162 10/23/2013 SJ Full Version ;
; Revision Name                      ; riscv                                       ;
; Top-level Entity Name              ; riscv_top                                   ;
; Family                             ; Cyclone IV E                                ;
; Device                             ; EP4CE115F29C7                               ;
; Timing Models                      ; Final                                       ;
; Total logic elements               ; 4,765 / 114,480 ( 4 % )                     ;
;     Total combinational functions  ; 4,412 / 114,480 ( 4 % )                     ;
;     Dedicated logic registers      ; 1,763 / 114,480 ( 2 % )                     ;
; Total registers                    ; 1763                                        ;
; Total pins                         ; 30 / 529 ( 6 % )                            ;
; Total virtual pins                 ; 0                                           ;
; Total memory bits                  ; 196,608 / 3,981,312 ( 5 % )                 ;
; Embedded Multiplier 9-bit elements ; 8 / 532 ( 2 % )                             ;
; Total PLLs                         ; 1 / 4 ( 25 % )                              ;
+------------------------------------+---------------------------------------------+


+-----------------------------------------+
; Flow Settings                           ;
+-------------------+---------------------+
; Option            ; Setting             ;
+-------------------+---------------------+
; Start date & time ; 02/09/2017 17:57:27 ;
; Main task         ; Compilation         ;
; Revision Name     ; riscv               ;
+-------------------+---------------------+


+----------------------------------------------------------------------------------------------------------------------------+
; Flow Non-Default Global Settings                                                                                           ;
+-------------------------------------+---------------------------------------+---------------+-------------+----------------+
; Assignment Name                     ; Value                                 ; Default Value ; Entity Name ; Section Id     ;
+-------------------------------------+---------------------------------------+---------------+-------------+----------------+
; COMPILER_SIGNATURE_ID               ; 27116745777846.148667384703588        ; --            ; --          ; --             ;
; EDA_OUTPUT_DATA_FORMAT              ; Verilog Hdl                           ; --            ; --          ; eda_simulation ;
; EDA_RUN_TOOL_AUTOMATICALLY          ; Off                                   ; --            ; --          ; eda_simulation ;
; EDA_SIMULATION_TOOL                 ; QuestaSim (Verilog)                   ; <None>        ; --          ; --             ;
; EDA_TIME_SCALE                      ; 1 ps                                  ; --            ; --          ; eda_simulation ;
; IP_TOOL_NAME                        ; ALTPLL                                ; --            ; --          ; --             ;
; IP_TOOL_VERSION                     ; 13.1                                  ; --            ; --          ; --             ;
; MAX_CORE_JUNCTION_TEMP              ; 85                                    ; --            ; --          ; --             ;
; MIN_CORE_JUNCTION_TEMP              ; 0                                     ; --            ; --          ; --             ;
; MISC_FILE                           ; pll_50_bb.v                           ; --            ; --          ; --             ;
; MISC_FILE                           ; pll_50.ppf                            ; --            ; --          ; --             ;
; PARTITION_COLOR                     ; 16764057                              ; --            ; riscv_top   ; Top            ;
; PARTITION_FITTER_PRESERVATION_LEVEL ; PLACEMENT_AND_ROUTING                 ; --            ; riscv_top   ; Top            ;
; PARTITION_NETLIST_TYPE              ; SOURCE                                ; --            ; riscv_top   ; Top            ;
; POWER_BOARD_THERMAL_MODEL           ; None (CONSERVATIVE)                   ; --            ; --          ; --             ;
; POWER_PRESET_COOLING_SOLUTION       ; 23 MM HEAT SINK WITH 200 LFPM AIRFLOW ; --            ; --          ; --             ;
; PROJECT_OUTPUT_DIRECTORY            ; output_files                          ; --            ; --          ; --             ;
; TOP_LEVEL_ENTITY                    ; riscv_top                             ; riscv         ; --          ; --             ;
+-------------------------------------+---------------------------------------+---------------+-------------+----------------+


+-------------------------------------------------------------------------------------------------------------------------------+
; Flow Elapsed Time                                                                                                             ;
+---------------------------+--------------+-------------------------+---------------------+------------------------------------+
; Module Name               ; Elapsed Time ; Average Processors Used ; Peak Virtual Memory ; Total CPU Time (on all processors) ;
+---------------------------+--------------+-------------------------+---------------------+------------------------------------+
; Analysis & Synthesis      ; 00:00:43     ; 1.0                     ; 617 MB              ; 00:00:33                           ;
; Fitter                    ; 00:01:21     ; 1.5                     ; 1328 MB             ; 00:01:32                           ;
; Assembler                 ; 00:00:14     ; 1.0                     ; 534 MB              ; 00:00:07                           ;
; TimeQuest Timing Analyzer ; 00:00:25     ; 1.5                     ; 674 MB              ; 00:00:18                           ;
; EDA Netlist Writer        ; 00:00:42     ; 1.0                     ; 524 MB              ; 00:00:08                           ;
; I/O Assignment Analysis   ; 00:00:17     ; 1.0                     ; 869 MB              ; 00:00:09                           ;
; Total                     ; 00:03:42     ; --                      ; --                  ; 00:02:47                           ;
+---------------------------+--------------+-------------------------+---------------------+------------------------------------+


+----------------------------------------------------------------------------------------+
; Flow OS Summary                                                                        ;
+---------------------------+------------------+-----------+------------+----------------+
; Module Name               ; Machine Hostname ; OS Name   ; OS Version ; Processor type ;
+---------------------------+------------------+-----------+------------+----------------+
; Analysis & Synthesis      ; ogg              ; Windows 7 ; 6.2        ; x86_64         ;
; Fitter                    ; ogg              ; Windows 7 ; 6.2        ; x86_64         ;
; Assembler                 ; ogg              ; Windows 7 ; 6.2        ; x86_64         ;
; TimeQuest Timing Analyzer ; ogg              ; Windows 7 ; 6.2        ; x86_64         ;
; EDA Netlist Writer        ; ogg              ; Windows 7 ; 6.2        ; x86_64         ;
; I/O Assignment Analysis   ; ogg              ; Windows 7 ; 6.2        ; x86_64         ;
+---------------------------+------------------+-----------+------------+----------------+


------------
; Flow Log ;
------------
quartus_map --read_settings_files=on --write_settings_files=off riscv -c riscv
quartus_fit --read_settings_files=off --write_settings_files=off riscv -c riscv
quartus_asm --read_settings_files=off --write_settings_files=off riscv -c riscv
quartus_sta riscv -c riscv
quartus_eda --read_settings_files=off --write_settings_files=off riscv -c riscv
quartus_fit --read_settings_files=on --write_settings_files=off riscv -c riscv --check_ios



